[www.nightfn.com/index.html]
[backblue.gif]
[fade.gif]
[index.html]
[www.nightfn.com/images/icon.png]
[www.nightfn.com/css/bootstrap.min.css]
[www.nightfn.com/css/bootstrap-icons.css]
[www.nightfn.com/css/aos.css]
[www.nightfn.com/css/remixicon.css]
[www.nightfn.com/css/swiper-bundle.min.css]
[www.nightfn.com/css/glightbox.min.css]
[www.nightfn.com/css/style.css]
[www.nightfn.com/f02e202e202e2.txt]
[www.nightfn.com/index-2.html]
[www.nightfn.com/TOS.html]
[www.nightfn.com/feedback.html]
[www.nightfn.com/images/black knight1.png]
[www.nightfn.com/images/aerial1.png]
[www.nightfn.com/images/renegade1.png]
[www.nightfn.com/images/og ghoul.png]
[www.nightfn.com/images/og skull.png]
[www.nightfn.com/images/wonder1.png]
[www.nightfn.com/images/ikonik1.png]
[www.nightfn.com/images/wildcat.png]
[www.nightfn.com/images/recon1.png]
[www.nightfn.com/images/rene %2b black.png]
[www.nightfn.com/images/stacked.png]
[www.nightfn.com/images/result.png]
[www.nightfn.com/images/main.png]
[www.nightfn.com/js/bootstrap.bundle.js]
[www.nightfn.com/js/aos.js]
[www.nightfn.com/js/validate.js]
[www.nightfn.com/js/swiper-bundle.min.js]
[www.nightfn.com/js/purecounter.js]
[www.nightfn.com/js/isotope.pkgd.min.js]
[www.nightfn.com/js/glightbox.min.js]
[www.nightfn.com/js/main.js]
[www.nightfn.com/window.location.html]
[www.nightfn.com/app.betimes.pl/countdown/9172203390401277/loader308d308d308d308d.html]
[www.nightfn.com/index.html]
[www.nightfn.com/index-3.html]
[www.nightfn.com/css/bootstrap.min.css]
[www.nightfn.com/fonts/bootstrap-icons63f363f363f3.woff2]
[www.nightfn.com/fonts/bootstrap-icons63f363f363f3.woff]
[www.nightfn.com/css/bootstrap-icons.css]
[www.nightfn.com/css/aos.css]
[www.nightfn.com/fonts/remixicondf6ddf6ddf6d.eot]
[www.nightfn.com/fonts/remixicondf6ddf6ddf6d.woff2]
[www.nightfn.com/fonts/remixicondf6ddf6ddf6d.woff]
[www.nightfn.com/fonts/remixicondf6ddf6ddf6d.ttf]
[www.nightfn.com/css/remixicon.css]
[www.nightfn.com/css/swiper-bundle.min.css]
[www.nightfn.com/css/glightbox.min.css]
[www.nightfn.com/images/hero-bg.png]
[www.nightfn.com/fonts/remixicondf6ddf6ddf6d.svg]
[www.nightfn.com/tlo.html]
[www.nightfn.com/team-shape.html]
[www.nightfn.com/footer-bg.html]
[www.nightfn.com/css/style.css]
[www.nightfn.com/index-2.html]
[www.nightfn.com/index-4.html]
[www.nightfn.com/assets/vendor/bootstrap/js/bootstrap.bundle.js]
[www.nightfn.com/assets/vendor/aos/aos.js]
[www.nightfn.com/assets/vendor/php-email-form/validate.js]
[www.nightfn.com/assets/vendor/swiper/swiper-bundle.min.js]
[nightfn.com/assets/vendor/purecounter/purecounter.34.delayed]
[www.nightfn.com/assets/vendor/isotope-layout/isotope.pkgd.min.js]
[www.nightfn.com/assets/vendor/glightbox/js/glightbox.min.js]
[www.nightfn.com/assets/js/main.js]
[www.nightfn.com/TOS.html]
[nightfn.com/assets/img/testimonials/main.png]
[www.nightfn.com/feedback.html]
[www.nightfn.com/window.location.html]
[www.nightfn.com/app.betimes.pl/countdown/9172203390401277/loader308d308d308d308d.html]
[www.nightfn.com/index-3.html]
[www.nightfn.com/fonts/remixicondf6ddf6ddf6d.svg]
[www.nightfn.com/tlo.html]
[www.nightfn.com/team-shape.html]
[www.nightfn.com/footer-bg.html]
[www.nightfn.com/index-4.html]
[www.nightfn.com/assets/vendor/bootstrap/js/bootstrap.bundle.html]
[www.nightfn.com/assets/vendor/aos/aos.html]
[www.nightfn.com/assets/vendor/php-email-form/validate.html]
[www.nightfn.com/assets/vendor/swiper/swiper-bundle.min.html]
[nightfn.com/assets/vendor/purecounter/purecounter.html]
[www.nightfn.com/assets/vendor/isotope-layout/isotope.pkgd.min.html]
[www.nightfn.com/assets/vendor/glightbox/js/glightbox.min.html]
[www.nightfn.com/assets/js/main.html]
[nightfn.com/assets/img/testimonials/main.html]
